
[2026-03-10 11:54:47] WARNING: Unknown software detected: systemd (PID 1)
[2026-03-10 11:55:51] WARNING: Unknown software detected: kthreadd (PID 2)
[2026-03-10 11:56:06] WARNING: Unknown software detected: pool_workqueue_release (PID 3)
[2026-03-10 11:56:23] WARNING: Unknown software detected: kworker/R-rcu_gp (PID 4)
[2026-03-11 01:10:56] Blacklisted software detected: kthreadd (PID 2)
[2026-03-11 01:10:56] WARNING: Unknown software detected: pool_workqueue_release (PID 3)
[2026-03-11 01:15:58] WARNING: Unknown software detected: kdamond.0 (PID 100)
[2026-03-11 01:21:53] WARNING: Unknown software detected: irq/169-syna3071:00 (PID 277)
[2026-03-11 01:27:28] WARNING: Unknown software detected: systemd-timesyncd (PID 404)
[2026-03-11 01:29:30] WARNING: Unknown software detected: dbus-daemon (PID 602)
[2026-03-11 01:29:41] WARNING: Unknown software detected: polkitd (PID 603)
[2026-03-11 01:29:47] WARNING: Unknown software detected: systemd-oomd (PID 796)
[2026-03-11 01:30:09] WARNING: Unknown software detected: rtkit-daemon (PID 832)
[2026-03-11 01:30:34] WARNING: Unknown software detected: colord (PID 945)
[2026-03-11 01:30:49] WARNING: Unknown software detected: (sd-pam) (PID 1346)
[2026-03-11 01:30:52] WARNING: Unknown software detected: pipewire (PID 1367)
[2026-03-11 01:31:06] WARNING: Unknown software detected: gnome-keyring-daemon (PID 1369)
[2026-03-11 01:31:10] WARNING: Unknown software detected: mpris-proxy (PID 1372)
[2026-03-11 01:31:11] WARNING: Unknown software detected: wireplumber (PID 1375)
[2026-03-11 01:31:12] WARNING: Unknown software detected: pipewire (PID 1376)
[2026-03-11 01:31:13] WARNING: Unknown software detected: pipewire-pulse (PID 1377)
[2026-03-11 01:31:14] WARNING: Unknown software detected: gdm-wayland-session (PID 1405)
[2026-03-11 01:31:15] WARNING: Unknown software detected: gnome-session-init-worker (PID 1412)
[2026-03-11 01:31:16] WARNING: Unknown software detected: gcr-ssh-agent (PID 1463)
[2026-03-11 01:31:17] WARNING: Unknown software detected: gnome-session-ctl (PID 1464)
[2026-03-11 01:31:17] WARNING: Unknown software detected: ssh-agent (PID 1465)
[2026-03-11 01:31:18] WARNING: Unknown software detected: gvfsd (PID 1477)
[2026-03-11 01:31:20] WARNING: Unknown software detected: gvfsd-fuse (PID 1483)
[2026-03-11 01:31:21] WARNING: Unknown software detected: gnome-session-service (PID 1486)
[2026-03-11 01:31:23] WARNING: Unknown software detected: gnome-shell (PID 1498)
[2026-03-11 01:31:24] WARNING: Unknown software detected: xdg-permission-store (PID 1536)
[2026-03-11 01:37:14] WARNING: Unknown software detected: at-spi-bus-launcher (PID 1541)
[2026-03-11 01:37:25] WARNING: Unknown software detected: at-spi2-registryd (PID 1548)
[2026-03-12 23:37:23] Blacklisted software detected: systemd-oomd (PID 755)
[2026-03-12 23:37:23] WARNING: Unknown software detected: colord (PID 915)
[2026-03-12 23:39:25] WARNING: Unknown software detected: (sd-pam) (PID 1344)
[2026-03-12 23:43:45] Blacklisted software detected: systemd-oomd (PID 755)
[2026-03-12 23:43:45] WARNING: Unknown software detected: colord (PID 915)
[2026-03-12 23:43:45] WARNING: Unknown software detected: (sd-pam) (PID 1344)
[2026-03-12 23:43:45] WARNING: Unknown software detected: pipewire (PID 1365)
[2026-03-12 23:43:56] Blacklisted software detected: systemd-oomd (PID 755)
[2026-03-12 23:43:56] WARNING: Unknown software detected: colord (PID 915)
[2026-03-12 23:43:56] WARNING: Unknown software detected: (sd-pam) (PID 1344)
[2026-03-12 23:43:56] WARNING: Unknown software detected: pipewire (PID 1365)
[2026-03-12 23:44:06] Blacklisted software detected: systemd-oomd (PID 755)
[2026-03-12 23:44:06] WARNING: Unknown software detected: colord (PID 915)
[2026-03-12 23:44:06] WARNING: Unknown software detected: (sd-pam) (PID 1344)
[2026-03-12 23:44:06] WARNING: Unknown software detected: pipewire (PID 1365)
[2026-03-12 23:44:16] Blacklisted software detected: systemd-oomd (PID 755)
[2026-03-12 23:44:16] WARNING: Unknown software detected: colord (PID 915)
[2026-03-12 23:44:16] WARNING: Unknown software detected: (sd-pam) (PID 1344)
[2026-03-12 23:44:16] WARNING: Unknown software detected: pipewire (PID 1365)
[2026-03-12 23:44:26] Blacklisted software detected: systemd-oomd (PID 755)
[2026-03-12 23:44:26] WARNING: Unknown software detected: colord (PID 915)
[2026-03-12 23:44:26] WARNING: Unknown software detected: (sd-pam) (PID 1344)
[2026-03-12 23:44:26] WARNING: Unknown software detected: pipewire (PID 1365)
[2026-03-12 23:44:37] Blacklisted software detected: systemd-oomd (PID 755)
[2026-03-12 23:44:37] WARNING: Unknown software detected: colord (PID 915)
[2026-03-12 23:44:37] WARNING: Unknown software detected: (sd-pam) (PID 1344)
[2026-03-12 23:44:37] WARNING: Unknown software detected: pipewire (PID 1365)
[2026-03-12 23:44:47] Blacklisted software detected: systemd-oomd (PID 755)
[2026-03-12 23:44:47] WARNING: Unknown software detected: colord (PID 915)
[2026-03-12 23:44:47] WARNING: Unknown software detected: (sd-pam) (PID 1344)
[2026-03-12 23:44:47] WARNING: Unknown software detected: pipewire (PID 1365)
[2026-03-12 23:44:57] Blacklisted software detected: systemd-oomd (PID 755)
[2026-03-12 23:44:57] WARNING: Unknown software detected: colord (PID 915)
[2026-03-12 23:44:57] WARNING: Unknown software detected: (sd-pam) (PID 1344)
[2026-03-12 23:44:57] WARNING: Unknown software detected: pipewire (PID 1365)
[2026-03-12 23:45:07] Blacklisted software detected: systemd-oomd (PID 755)
[2026-03-12 23:45:07] WARNING: Unknown software detected: colord (PID 915)
[2026-03-12 23:45:07] WARNING: Unknown software detected: (sd-pam) (PID 1344)
[2026-03-12 23:45:07] WARNING: Unknown software detected: pipewire (PID 1365)
[2026-03-12 23:45:17] Blacklisted software detected: systemd-oomd (PID 755)
[2026-03-12 23:45:17] WARNING: Unknown software detected: colord (PID 915)
[2026-03-12 23:45:17] WARNING: Unknown software detected: (sd-pam) (PID 1344)
[2026-03-12 23:45:17] WARNING: Unknown software detected: pipewire (PID 1365)
[2026-03-12 23:45:27] Blacklisted software detected: systemd-oomd (PID 755)
[2026-03-12 23:45:27] WARNING: Unknown software detected: colord (PID 915)
[2026-03-12 23:45:27] WARNING: Unknown software detected: (sd-pam) (PID 1344)
[2026-03-12 23:45:27] WARNING: Unknown software detected: pipewire (PID 1365)
